#
# There is insufficient memory for the Java Runtime Environment to continue.
# Native memory allocation (malloc) failed to allocate 32784 bytes for Chunk::new
# Possible reasons:
#   The system is out of physical RAM or swap space
#   The process is running with CompressedOops enabled, and the Java Heap may be blocking the growth of the native heap
# Possible solutions:
#   Reduce memory load on the system
#   Increase physical memory or swap space
#   Check if swap backing store is full
#   Decrease Java heap size (-Xmx/-Xms)
#   Decrease number of Java threads
#   Decrease Java thread stack sizes (-Xss)
#   Set larger code cache with -XX:ReservedCodeCacheSize=
#   JVM is running with Unscaled Compressed Oops mode in which the Java heap is
#     placed in the first 4GB address space. The Java Heap base address is the
#     maximum limit for the native heap growth. Please use -XX:HeapBaseMinAddress
#     to set the Java Heap base and to place the Java Heap above 4GB virtual address.
# This output file may be truncated or incomplete.
#
#  Out of Memory Error (arena.cpp:191), pid=10772, tid=12424
#
# JRE version: OpenJDK Runtime Environment Temurin-17.0.10+7 (17.0.10+7) (build 17.0.10+7)
# Java VM: OpenJDK 64-Bit Server VM Temurin-17.0.10+7 (17.0.10+7, mixed mode, tiered, compressed oops, compressed class ptrs, parallel gc, windows-amd64)
# No core dump will be written. Minidumps are not enabled by default on client versions of Windows
#

---------------  S U M M A R Y ------------

Command Line: --add-modules=ALL-SYSTEM --add-opens=java.base/java.util=ALL-UNNAMED --add-opens=java.base/java.lang=ALL-UNNAMED --add-opens=java.base/sun.nio.fs=ALL-UNNAMED -Declipse.application=org.eclipse.jdt.ls.core.id1 -Dosgi.bundles.defaultStartLevel=4 -Declipse.product=org.eclipse.jdt.ls.core.product -Djava.import.generatesMetadataFilesAtProjectRoot=false -DDetectVMInstallationsJob.disabled=true -Dfile.encoding=utf8 -XX:+UseParallelGC -XX:GCTimeRatio=4 -XX:AdaptiveSizePolicyWeight=90 -Dsun.zip.disableMemoryMapping=true -Xmx1G -Xms100m -Xlog:disable -javaagent:c:\Users\Gabriel\.vscode\extensions\redhat.java-1.28.1-win32-x64\lombok\lombok-1.18.31.jar -XX:+HeapDumpOnOutOfMemoryError -XX:HeapDumpPath=c:\Users\Gabriel\AppData\Roaming\Code\User\workspaceStorage\469939ff892e49bd129f785780710122\redhat.java -Daether.dependencyCollector.impl=bf c:\Users\Gabriel\.vscode\extensions\redhat.java-1.28.1-win32-x64\server\plugins\org.eclipse.equinox.launcher_1.6.700.v20231214-2017.jar -configuration c:\Users\Gabriel\AppData\Roaming\Code\User\globalStorage\redhat.java\1.28.1\config_win -data c:\Users\Gabriel\AppData\Roaming\Code\User\workspaceStorage\469939ff892e49bd129f785780710122\redhat.java\jdt_ws --stdio

Host: 11th Gen Intel(R) Core(TM) i5-1135G7 @ 2.40GHz, 8 cores, 15G,  Windows 11 , 64 bit Build 22621 (10.0.22621.3085)
Time: Thu Mar  7 21:57:41 2024 E. South America Standard Time elapsed time: 588.941962 seconds (0d 0h 9m 48s)

---------------  T H R E A D  ---------------

Current thread (0x0000013fd6067380):  JavaThread "C2 CompilerThread0" daemon [_thread_in_native, id=12424, stack(0x0000003c80f00000,0x0000003c81000000)]


Current CompileTask:
C2: 588942 19575       4       org.eclipse.jdt.internal.compiler.parser.Parser::consumeToken (2355 bytes)

Stack: [0x0000003c80f00000,0x0000003c81000000]
Native frames: (J=compiled Java code, j=interpreted, Vv=VM code, C=native code)
V  [jvm.dll+0x67d2c9]
V  [jvm.dll+0x834afa]
V  [jvm.dll+0x8365be]
V  [jvm.dll+0x836c23]
V  [jvm.dll+0x2477ff]
V  [jvm.dll+0xac514]
V  [jvm.dll+0xacb5c]
V  [jvm.dll+0xac61b]
V  [jvm.dll+0x65ab1c]
V  [jvm.dll+0x331a49]
V  [jvm.dll+0x333049]
V  [jvm.dll+0x3309ea]
V  [jvm.dll+0x33009a]
V  [jvm.dll+0x219ef1]
V  [jvm.dll+0x219311]
V  [jvm.dll+0x1a502d]
V  [jvm.dll+0x2290de]
V  [jvm.dll+0x2272ac]
V  [jvm.dll+0x7e9bb7]
V  [jvm.dll+0x7e3fba]
V  [jvm.dll+0x67c1b5]
C  [ucrtbase.dll+0x29363]
C  [KERNEL32.DLL+0x1257d]
C  [ntdll.dll+0x5aa58]


---------------  P R O C E S S  ---------------

Threads class SMR info:
_java_thread_list=0x0000013fe42834f0, length=44, elements={
0x0000013fbce7f2b0, 0x0000013fd6033010, 0x0000013fd6035090, 0x0000013fd6061f30,
0x0000013fd6062900, 0x0000013fd60634c0, 0x0000013fd6064080, 0x0000013fd6067380,
0x0000013fd60d3c40, 0x0000013fd60eba10, 0x0000013fbcedf550, 0x0000013fd62bcde0,
0x0000013fd777e930, 0x0000013fd74f1380, 0x0000013fd798db80, 0x0000013fd75d2d80,
0x0000013fd7e49c50, 0x0000013fd7f2b490, 0x0000013fd7f28c10, 0x0000013fd7f2aa70,
0x0000013fd7f29630, 0x0000013fd7f29b40, 0x0000013fd7f2a560, 0x0000013fda666fc0,
0x0000013fda66a260, 0x0000013fda66c0c0, 0x0000013fdae6f2d0, 0x0000013fdae71b50,
0x0000013fdae72570, 0x0000013fdae71130, 0x0000013fdae76740, 0x0000013fdae743d0,
0x0000013fdae76c50, 0x0000013fdae6f7e0, 0x0000013fdae75d20, 0x0000013fdae734a0,
0x0000013fdae73ec0, 0x0000013fdae6fcf0, 0x0000013fdae70200, 0x0000013fdae72a80,
0x0000013fdae72f90, 0x0000013fdae739b0, 0x0000013fdae748e0, 0x0000013fdae75300
}

Java Threads: ( => current thread )
  0x0000013fbce7f2b0 JavaThread "main" [_thread_blocked, id=17948, stack(0x0000003c80500000,0x0000003c80600000)]
  0x0000013fd6033010 JavaThread "Reference Handler" daemon [_thread_blocked, id=11024, stack(0x0000003c80800000,0x0000003c80900000)]
  0x0000013fd6035090 JavaThread "Finalizer" daemon [_thread_blocked, id=14588, stack(0x0000003c80900000,0x0000003c80a00000)]
  0x0000013fd6061f30 JavaThread "Signal Dispatcher" daemon [_thread_blocked, id=16520, stack(0x0000003c80b00000,0x0000003c80c00000)]
  0x0000013fd6062900 JavaThread "Attach Listener" daemon [_thread_blocked, id=9236, stack(0x0000003c80c00000,0x0000003c80d00000)]
  0x0000013fd60634c0 JavaThread "Service Thread" daemon [_thread_blocked, id=7320, stack(0x0000003c80d00000,0x0000003c80e00000)]
  0x0000013fd6064080 JavaThread "Monitor Deflation Thread" daemon [_thread_blocked, id=16496, stack(0x0000003c80e00000,0x0000003c80f00000)]
=>0x0000013fd6067380 JavaThread "C2 CompilerThread0" daemon [_thread_in_native, id=12424, stack(0x0000003c80f00000,0x0000003c81000000)]
  0x0000013fd60d3c40 JavaThread "C1 CompilerThread0" daemon [_thread_blocked, id=20232, stack(0x0000003c81000000,0x0000003c81100000)]
  0x0000013fd60eba10 JavaThread "Sweeper thread" daemon [_thread_blocked, id=11856, stack(0x0000003c81100000,0x0000003c81200000)]
  0x0000013fbcedf550 JavaThread "Common-Cleaner" daemon [_thread_blocked, id=23896, stack(0x0000003c81200000,0x0000003c81300000)]
  0x0000013fd62bcde0 JavaThread "Notification Thread" daemon [_thread_blocked, id=9828, stack(0x0000003c81300000,0x0000003c81400000)]
  0x0000013fd777e930 JavaThread "Active Thread: Equinox Container: 3ce0ac19-e66c-44d7-8fa3-9a9214d531ac" [_thread_blocked, id=25856, stack(0x0000003c81c00000,0x0000003c81d00000)]
  0x0000013fd74f1380 JavaThread "Framework Event Dispatcher: Equinox Container: 3ce0ac19-e66c-44d7-8fa3-9a9214d531ac" daemon [_thread_blocked, id=17404, stack(0x0000003c81d00000,0x0000003c81e00000)]
  0x0000013fd798db80 JavaThread "Start Level: Equinox Container: 3ce0ac19-e66c-44d7-8fa3-9a9214d531ac" daemon [_thread_blocked, id=18352, stack(0x0000003c81e00000,0x0000003c81f00000)]
  0x0000013fd75d2d80 JavaThread "Bundle File Closer" daemon [_thread_blocked, id=2676, stack(0x0000003c82000000,0x0000003c82100000)]
  0x0000013fd7e49c50 JavaThread "SCR Component Actor" daemon [_thread_blocked, id=10552, stack(0x0000003c81b00000,0x0000003c81c00000)]
  0x0000013fd7f2b490 JavaThread "Worker-JM" [_thread_blocked, id=13664, stack(0x0000003c82200000,0x0000003c82300000)]
  0x0000013fd7f28c10 JavaThread "Worker-1" [_thread_blocked, id=8308, stack(0x0000003c82400000,0x0000003c82500000)]
  0x0000013fd7f2aa70 JavaThread "Java indexing" daemon [_thread_blocked, id=17036, stack(0x0000003c82700000,0x0000003c82800000)]
  0x0000013fd7f29630 JavaThread "JNA Cleaner" daemon [_thread_blocked, id=12976, stack(0x0000003c82900000,0x0000003c82a00000)]
  0x0000013fd7f29b40 JavaThread "pool-2-thread-1" [_thread_blocked, id=13124, stack(0x0000003c82c00000,0x0000003c82d00000)]
  0x0000013fd7f2a560 JavaThread "WorkspaceEventsHandler" [_thread_blocked, id=14340, stack(0x0000003c82d00000,0x0000003c82e00000)]
  0x0000013fda666fc0 JavaThread "pool-1-thread-1" [_thread_in_native, id=7436, stack(0x0000003c82e00000,0x0000003c82f00000)]
  0x0000013fda66a260 JavaThread "Worker-6: Download sources and javadoc" [_thread_in_native, id=19772, stack(0x0000003c83200000,0x0000003c83300000)]
  0x0000013fda66c0c0 JavaThread "ForkJoinPool.commonPool-worker-7" daemon [_thread_blocked, id=14956, stack(0x0000003c83e00000,0x0000003c83f00000)]
  0x0000013fdae6f2d0 JavaThread "Java Debug Server" daemon [_thread_in_native, id=13460, stack(0x0000003c80300000,0x0000003c80400000)]
  0x0000013fdae71b50 JavaThread "pool-9-thread-1" [_thread_in_native, id=8748, stack(0x0000003c80400000,0x0000003c80500000)]
  0x0000013fdae72570 JavaThread "RxSchedulerPurge-1" daemon [_thread_blocked, id=16224, stack(0x0000003c80a00000,0x0000003c80b00000)]
  0x0000013fdae71130 JavaThread "RxCachedWorkerPoolEvictor-1" daemon [_thread_blocked, id=24228, stack(0x0000003c82100000,0x0000003c82200000)]
  0x0000013fdae76740 JavaThread "RxNewThreadScheduler-1" daemon [_thread_blocked, id=20372, stack(0x0000003c82300000,0x0000003c82400000)]
  0x0000013fdae743d0 JavaThread "process reaper (pid 13852)" daemon [_thread_in_native, id=11948, stack(0x0000003c7ffe0000,0x0000003c80000000)]
  0x0000013fdae76c50 JavaThread "Worker-9" [_thread_blocked, id=10236, stack(0x0000003c82500000,0x0000003c82600000)]
  0x0000013fdae6f7e0 JavaThread "ForkJoinPool.commonPool-worker-8" daemon [_thread_blocked, id=23280, stack(0x0000003c82600000,0x0000003c82700000)]
  0x0000013fdae75d20 JavaThread "ForkJoinPool.commonPool-worker-9" daemon [_thread_blocked, id=19432, stack(0x0000003c82800000,0x0000003c82900000)]
  0x0000013fdae734a0 JavaThread "ForkJoinPool.commonPool-worker-10" daemon [_thread_blocked, id=13468, stack(0x0000003c82a00000,0x0000003c82b00000)]
  0x0000013fdae73ec0 JavaThread "ForkJoinPool.commonPool-worker-11" daemon [_thread_blocked, id=8968, stack(0x0000003c82b00000,0x0000003c82c00000)]
  0x0000013fdae6fcf0 JavaThread "ForkJoinPool.commonPool-worker-12" daemon [_thread_blocked, id=23916, stack(0x0000003c82f00000,0x0000003c83000000)]
  0x0000013fdae70200 JavaThread "ForkJoinPool.commonPool-worker-13" daemon [_thread_blocked, id=2872, stack(0x0000003c83000000,0x0000003c83100000)]
  0x0000013fdae72a80 JavaThread "Worker-10" [_thread_blocked, id=22156, stack(0x0000003c83100000,0x0000003c83200000)]
  0x0000013fdae72f90 JavaThread "Worker-11" [_thread_blocked, id=19960, stack(0x0000003c83300000,0x0000003c83400000)]
  0x0000013fdae739b0 JavaThread "pool-1-thread-2" [_thread_blocked, id=24132, stack(0x0000003c83400000,0x0000003c83500000)]
  0x0000013fdae748e0 JavaThread "Worker-12" [_thread_blocked, id=22036, stack(0x0000003c83500000,0x0000003c83600000)]
  0x0000013fdae75300 JavaThread "Worker-13" [_thread_blocked, id=17864, stack(0x0000003c83600000,0x0000003c83700000)]

Other Threads:
  0x0000013fbcf2e890 VMThread "VM Thread" [stack: 0x0000003c80700000,0x0000003c80800000] [id=22420]
  0x0000013fd62bd2c0 WatcherThread [stack: 0x0000003c81400000,0x0000003c81500000] [id=15992]
  0x0000013fbce946f0 GCTaskThread "GC Thread#0" [stack: 0x0000003c80600000,0x0000003c80700000] [id=4112]
  0x0000013fd74dc450 GCTaskThread "GC Thread#1" [stack: 0x0000003c81500000,0x0000003c81600000] [id=18748]
  0x0000013fd74dc710 GCTaskThread "GC Thread#2" [stack: 0x0000003c81600000,0x0000003c81700000] [id=21856]
  0x0000013fd74dc9d0 GCTaskThread "GC Thread#3" [stack: 0x0000003c81700000,0x0000003c81800000] [id=1072]
  0x0000013fd74dcc90 GCTaskThread "GC Thread#4" [stack: 0x0000003c81800000,0x0000003c81900000] [id=8852]
  0x0000013fd74dcf50 GCTaskThread "GC Thread#5" [stack: 0x0000003c81900000,0x0000003c81a00000] [id=13512]
  0x0000013fd74dd210 GCTaskThread "GC Thread#6" [stack: 0x0000003c81a00000,0x0000003c81b00000] [id=9820]
  0x0000013fd772f340 GCTaskThread "GC Thread#7" [stack: 0x0000003c81f00000,0x0000003c82000000] [id=16608]

Threads with active compile tasks:
C2 CompilerThread0   588990 19575       4       org.eclipse.jdt.internal.compiler.parser.Parser::consumeToken (2355 bytes)

VM state: not at safepoint (normal execution)

VM Mutex/Monitor currently owned by a thread: None

Heap address: 0x00000000c0000000, size: 1024 MB, Compressed Oops mode: 32-bit

CDS archive(s) not mapped
Compressed class space mapped at: 0x0000000100000000-0x0000000140000000, reserved size: 1073741824
Narrow klass base: 0x0000000000000000, Narrow klass shift: 3, Narrow klass range: 0x140000000

GC Precious Log:
 CPUs: 8 total, 8 available
 Memory: 16118M
 Large Page Support: Disabled
 NUMA Support: Disabled
 Compressed Oops: Enabled (32-bit)
 Alignments: Space 512K, Generation 512K, Heap 2M
 Heap Min Capacity: 100M
 Heap Initial Capacity: 100M
 Heap Max Capacity: 1G
 Pre-touch: Disabled
 Parallel Workers: 8

Heap:
 PSYoungGen      total 8704K, used 5390K [0x00000000eab00000, 0x00000000eb800000, 0x0000000100000000)
  eden space 6144K, 48% used [0x00000000eab00000,0x00000000eade66e8,0x00000000eb100000)
  from space 2560K, 94% used [0x00000000eb200000,0x00000000eb45d220,0x00000000eb480000)
  to   space 3072K, 0% used [0x00000000eb500000,0x00000000eb500000,0x00000000eb800000)
 ParOldGen       total 193536K, used 155697K [0x00000000c0000000, 0x00000000cbd00000, 0x00000000eab00000)
  object space 193536K, 80% used [0x00000000c0000000,0x00000000c980c7c0,0x00000000cbd00000)
 Metaspace       used 98512K, committed 100224K, reserved 1179648K
  class space    used 10449K, committed 11200K, reserved 1048576K

Card table byte_map: [0x0000013fbc810000,0x0000013fbca20000] _byte_map_base: 0x0000013fbc210000

Marking Bits: (ParMarkBitMap*) 0x00007ff837b4d7d0
 Begin Bits: [0x0000013fceb10000, 0x0000013fcfb10000)
 End Bits:   [0x0000013fcfb10000, 0x0000013fd0b10000)

Polling page: 0x0000013fbadb0000

Metaspace:

Usage:
  Non-class:     86.00 MB used.
      Class:     10.21 MB used.
       Both:     96.20 MB used.

Virtual space:
  Non-class space:      128.00 MB reserved,      86.94 MB ( 68%) committed,  2 nodes.
      Class space:        1.00 GB reserved,      10.94 MB (  1%) committed,  1 nodes.
             Both:        1.12 GB reserved,      97.88 MB (  8%) committed. 

Chunk freelists:
   Non-Class:  9.09 MB
       Class:  5.08 MB
        Both:  14.17 MB

MaxMetaspaceSize: unlimited
CompressedClassSpaceSize: 1.00 GB
Initial GC threshold: 21.00 MB
Current GC threshold: 162.75 MB
CDS: off
MetaspaceReclaimPolicy: balanced
 - commit_granule_bytes: 65536.
 - commit_granule_words: 8192.
 - virtual_space_node_default_size: 8388608.
 - enlarge_chunks_in_place: 1.
 - new_chunks_are_fully_committed: 0.
 - uncommit_free_chunks: 1.
 - use_allocation_guard: 0.
 - handle_deallocations: 1.


Internal statistics:

num_allocs_failed_limit: 9.
num_arena_births: 1336.
num_arena_deaths: 18.
num_vsnodes_births: 3.
num_vsnodes_deaths: 0.
num_space_committed: 1564.
num_space_uncommitted: 0.
num_chunks_returned_to_freelist: 28.
num_chunks_taken_from_freelist: 5877.
num_chunk_merges: 14.
num_chunk_splits: 3482.
num_chunks_enlarged: 1802.
num_inconsistent_stats: 0.

CodeHeap 'non-profiled nmethods': size=120000Kb used=14790Kb max_used=15293Kb free=105209Kb
 bounds [0x0000013fc75e0000, 0x0000013fc84d0000, 0x0000013fceb10000]
CodeHeap 'profiled nmethods': size=120000Kb used=34672Kb max_used=36642Kb free=85327Kb
 bounds [0x0000013fbfb10000, 0x0000013fc1ef0000, 0x0000013fc7040000]
CodeHeap 'non-nmethods': size=5760Kb used=1452Kb max_used=1532Kb free=4307Kb
 bounds [0x0000013fc7040000, 0x0000013fc72b0000, 0x0000013fc75e0000]
 total_blobs=16283 nmethods=15484 adapters=709
 compilation: enabled
              stopped_count=0, restarted_count=0
 full_count=0

Compilation events (20 events):
Event: 588.855 Thread 0x0000013fd60d3c40 19580   !   2       org.eclipse.jdt.internal.compiler.parser.diagnose.LexStream::readTokenFromScanner (417 bytes)
Event: 588.857 Thread 0x0000013fd60d3c40 nmethod 19580 0x0000013fc108f810 code [0x0000013fc108fa20, 0x0000013fc1090258]
Event: 588.870 Thread 0x0000013fd60d3c40 19581       3       com.google.common.cache.LocalCache::usesAccessQueue (20 bytes)
Event: 588.870 Thread 0x0000013fd60d3c40 nmethod 19581 0x0000013fbfe65e90 code [0x0000013fbfe66040, 0x0000013fbfe66398]
Event: 588.870 Thread 0x0000013fd60d3c40 19582       3       org.eclipse.jdt.internal.ui.text.correction.NameMatcher::isSimilarChar (15 bytes)
Event: 588.871 Thread 0x0000013fd60d3c40 nmethod 19582 0x0000013fbffbef10 code [0x0000013fbffbf100, 0x0000013fbffbf5d8]
Event: 588.871 Thread 0x0000013fd60d3c40 19583       3       org.eclipse.jdt.core.dom.TypeBinding::isGenericType (30 bytes)
Event: 588.871 Thread 0x0000013fd60d3c40 nmethod 19583 0x0000013fc0136b90 code [0x0000013fc0136d60, 0x0000013fc0137298]
Event: 588.871 Thread 0x0000013fd60d3c40 19584       3       org.eclipse.jdt.core.dom.TypeBinding::isRawType (8 bytes)
Event: 588.871 Thread 0x0000013fd60d3c40 nmethod 19584 0x0000013fbfecfe90 code [0x0000013fbfed0040, 0x0000013fbfed02c8]
Event: 588.871 Thread 0x0000013fd60d3c40 19585       3       org.eclipse.jdt.internal.corext.dom.ASTNodes::getFirstAncestorOrNull (46 bytes)
Event: 588.872 Thread 0x0000013fd60d3c40 nmethod 19585 0x0000013fc034ab10 code [0x0000013fc034ad00, 0x0000013fc034b068]
Event: 588.874 Thread 0x0000013fd60d3c40 19586  s!   3       org.eclipse.jdt.core.dom.DefaultBindingResolver::resolveName (1735 bytes)
Event: 588.882 Thread 0x0000013fd60d3c40 nmethod 19586 0x0000013fc17c2210 code [0x0000013fc17c30e0, 0x0000013fc17cf038]
Event: 588.882 Thread 0x0000013fd60d3c40 19587       1       com.google.common.cache.LocalCache$AccessQueue$1::setNextInAccessQueue (6 bytes)
Event: 588.883 Thread 0x0000013fd60d3c40 nmethod 19587 0x0000013fc7f6c290 code [0x0000013fc7f6c420, 0x0000013fc7f6c4f8]
Event: 588.883 Thread 0x0000013fd60d3c40 19588       1       com.google.common.cache.LocalCache$AccessQueue$1::setPreviousInAccessQueue (6 bytes)
Event: 588.883 Thread 0x0000013fd60d3c40 nmethod 19588 0x0000013fc8155b10 code [0x0000013fc8155ca0, 0x0000013fc8155d78]
Event: 588.894 Thread 0x0000013fd60d3c40 19589       1       com.google.common.cache.LocalCache$StrongAccessEntry::getNextInAccessQueue (5 bytes)
Event: 588.894 Thread 0x0000013fd60d3c40 nmethod 19589 0x0000013fc8344690 code [0x0000013fc8344820, 0x0000013fc83448f8]

GC Heap History (20 events):
Event: 587.103 GC heap before
{Heap before GC invocations=839 (full 29):
 PSYoungGen      total 5120K, used 4019K [0x00000000eab00000, 0x00000000eb480000, 0x0000000100000000)
  eden space 2560K, 99% used [0x00000000eab00000,0x00000000ead7ff08,0x00000000ead80000)
  from space 2560K, 57% used [0x00000000eb000000,0x00000000eb16d000,0x00000000eb280000)
  to   space 2048K, 0% used [0x00000000eb280000,0x00000000eb280000,0x00000000eb480000)
 ParOldGen       total 184832K, used 159349K [0x00000000c0000000, 0x00000000cb480000, 0x00000000eab00000)
  object space 184832K, 86% used [0x00000000c0000000,0x00000000c9b9d430,0x00000000cb480000)
 Metaspace       used 98293K, committed 100032K, reserved 1179648K
  class space    used 10403K, committed 11200K, reserved 1048576K
}
Event: 587.106 GC heap after
{Heap after GC invocations=839 (full 29):
 PSYoungGen      total 5120K, used 2040K [0x00000000eab00000, 0x00000000eb480000, 0x0000000100000000)
  eden space 3072K, 0% used [0x00000000eab00000,0x00000000eab00000,0x00000000eae00000)
  from space 2048K, 99% used [0x00000000eb280000,0x00000000eb47e010,0x00000000eb480000)
  to   space 2560K, 0% used [0x00000000eaf80000,0x00000000eaf80000,0x00000000eb200000)
 ParOldGen       total 184832K, used 160729K [0x00000000c0000000, 0x00000000cb480000, 0x00000000eab00000)
  object space 184832K, 86% used [0x00000000c0000000,0x00000000c9cf6430,0x00000000cb480000)
 Metaspace       used 98293K, committed 100032K, reserved 1179648K
  class space    used 10403K, committed 11200K, reserved 1048576K
}
Event: 587.131 GC heap before
{Heap before GC invocations=840 (full 29):
 PSYoungGen      total 5120K, used 5041K [0x00000000eab00000, 0x00000000eb480000, 0x0000000100000000)
  eden space 3072K, 97% used [0x00000000eab00000,0x00000000eadee628,0x00000000eae00000)
  from space 2048K, 99% used [0x00000000eb280000,0x00000000eb47e010,0x00000000eb480000)
  to   space 2560K, 0% used [0x00000000eaf80000,0x00000000eaf80000,0x00000000eb200000)
 ParOldGen       total 184832K, used 160729K [0x00000000c0000000, 0x00000000cb480000, 0x00000000eab00000)
  object space 184832K, 86% used [0x00000000c0000000,0x00000000c9cf6430,0x00000000cb480000)
 Metaspace       used 98299K, committed 100096K, reserved 1179648K
  class space    used 10404K, committed 11200K, reserved 1048576K
}
Event: 587.134 GC heap after
{Heap after GC invocations=840 (full 29):
 PSYoungGen      total 6144K, used 2532K [0x00000000eab00000, 0x00000000eb880000, 0x0000000100000000)
  eden space 3584K, 0% used [0x00000000eab00000,0x00000000eab00000,0x00000000eae80000)
  from space 2560K, 98% used [0x00000000eaf80000,0x00000000eb1f9120,0x00000000eb200000)
  to   space 5120K, 0% used [0x00000000eb380000,0x00000000eb380000,0x00000000eb880000)
 ParOldGen       total 184832K, used 162817K [0x00000000c0000000, 0x00000000cb480000, 0x00000000eab00000)
  object space 184832K, 88% used [0x00000000c0000000,0x00000000c9f004f0,0x00000000cb480000)
 Metaspace       used 98299K, committed 100096K, reserved 1179648K
  class space    used 10404K, committed 11200K, reserved 1048576K
}
Event: 587.180 GC heap before
{Heap before GC invocations=841 (full 29):
 PSYoungGen      total 6144K, used 6116K [0x00000000eab00000, 0x00000000eb880000, 0x0000000100000000)
  eden space 3584K, 100% used [0x00000000eab00000,0x00000000eae80000,0x00000000eae80000)
  from space 2560K, 98% used [0x00000000eaf80000,0x00000000eb1f9120,0x00000000eb200000)
  to   space 5120K, 0% used [0x00000000eb380000,0x00000000eb380000,0x00000000eb880000)
 ParOldGen       total 184832K, used 162817K [0x00000000c0000000, 0x00000000cb480000, 0x00000000eab00000)
  object space 184832K, 88% used [0x00000000c0000000,0x00000000c9f004f0,0x00000000cb480000)
 Metaspace       used 98299K, committed 100096K, reserved 1179648K
  class space    used 10404K, committed 11200K, reserved 1048576K
}
Event: 587.186 GC heap after
{Heap after GC invocations=841 (full 29):
 PSYoungGen      total 7680K, used 3176K [0x00000000eab00000, 0x00000000eb700000, 0x0000000100000000)
  eden space 4096K, 0% used [0x00000000eab00000,0x00000000eab00000,0x00000000eaf00000)
  from space 3584K, 88% used [0x00000000eb380000,0x00000000eb69a268,0x00000000eb700000)
  to   space 4096K, 0% used [0x00000000eaf00000,0x00000000eaf00000,0x00000000eb300000)
 ParOldGen       total 184832K, used 165349K [0x00000000c0000000, 0x00000000cb480000, 0x00000000eab00000)
  object space 184832K, 89% used [0x00000000c0000000,0x00000000ca1797c8,0x00000000cb480000)
 Metaspace       used 98299K, committed 100096K, reserved 1179648K
  class space    used 10404K, committed 11200K, reserved 1048576K
}
Event: 587.333 GC heap before
{Heap before GC invocations=842 (full 30):
 PSYoungGen      total 7680K, used 7272K [0x00000000eab00000, 0x00000000eb700000, 0x0000000100000000)
  eden space 4096K, 99% used [0x00000000eab00000,0x00000000eaeffff8,0x00000000eaf00000)
  from space 3584K, 88% used [0x00000000eb380000,0x00000000eb69a268,0x00000000eb700000)
  to   space 4096K, 0% used [0x00000000eaf00000,0x00000000eaf00000,0x00000000eb300000)
 ParOldGen       total 196608K, used 196069K [0x00000000c0000000, 0x00000000cc000000, 0x00000000eab00000)
  object space 196608K, 99% used [0x00000000c0000000,0x00000000cbf797f8,0x00000000cc000000)
 Metaspace       used 98312K, committed 100096K, reserved 1179648K
  class space    used 10405K, committed 11200K, reserved 1048576K
}
Event: 587.517 GC heap after
{Heap after GC invocations=842 (full 30):
 PSYoungGen      total 8192K, used 0K [0x00000000eab00000, 0x00000000eb780000, 0x0000000100000000)
  eden space 4096K, 0% used [0x00000000eab00000,0x00000000eab00000,0x00000000eaf00000)
  from space 4096K, 0% used [0x00000000eaf00000,0x00000000eaf00000,0x00000000eb300000)
  to   space 4096K, 0% used [0x00000000eb380000,0x00000000eb380000,0x00000000eb780000)
 ParOldGen       total 193536K, used 145965K [0x00000000c0000000, 0x00000000cbd00000, 0x00000000eab00000)
  object space 193536K, 75% used [0x00000000c0000000,0x00000000c8e8b430,0x00000000cbd00000)
 Metaspace       used 98312K, committed 100096K, reserved 1179648K
  class space    used 10405K, committed 11200K, reserved 1048576K
}
Event: 587.605 GC heap before
{Heap before GC invocations=843 (full 30):
 PSYoungGen      total 8192K, used 4096K [0x00000000eab00000, 0x00000000eb780000, 0x0000000100000000)
  eden space 4096K, 100% used [0x00000000eab00000,0x00000000eaf00000,0x00000000eaf00000)
  from space 4096K, 0% used [0x00000000eaf00000,0x00000000eaf00000,0x00000000eb300000)
  to   space 4096K, 0% used [0x00000000eb380000,0x00000000eb380000,0x00000000eb780000)
 ParOldGen       total 193536K, used 145965K [0x00000000c0000000, 0x00000000cbd00000, 0x00000000eab00000)
  object space 193536K, 75% used [0x00000000c0000000,0x00000000c8e8b430,0x00000000cbd00000)
 Metaspace       used 98312K, committed 100096K, reserved 1179648K
  class space    used 10405K, committed 11200K, reserved 1048576K
}
Event: 587.607 GC heap after
{Heap after GC invocations=843 (full 30):
 PSYoungGen      total 7680K, used 2980K [0x00000000eab00000, 0x00000000eb680000, 0x0000000100000000)
  eden space 4608K, 0% used [0x00000000eab00000,0x00000000eab00000,0x00000000eaf80000)
  from space 3072K, 97% used [0x00000000eb380000,0x00000000eb669390,0x00000000eb680000)
  to   space 3584K, 0% used [0x00000000eaf80000,0x00000000eaf80000,0x00000000eb300000)
 ParOldGen       total 193536K, used 145965K [0x00000000c0000000, 0x00000000cbd00000, 0x00000000eab00000)
  object space 193536K, 75% used [0x00000000c0000000,0x00000000c8e8b430,0x00000000cbd00000)
 Metaspace       used 98312K, committed 100096K, reserved 1179648K
  class space    used 10405K, committed 11200K, reserved 1048576K
}
Event: 587.639 GC heap before
{Heap before GC invocations=844 (full 30):
 PSYoungGen      total 7680K, used 7588K [0x00000000eab00000, 0x00000000eb680000, 0x0000000100000000)
  eden space 4608K, 100% used [0x00000000eab00000,0x00000000eaf80000,0x00000000eaf80000)
  from space 3072K, 97% used [0x00000000eb380000,0x00000000eb669390,0x00000000eb680000)
  to   space 3584K, 0% used [0x00000000eaf80000,0x00000000eaf80000,0x00000000eb300000)
 ParOldGen       total 193536K, used 145965K [0x00000000c0000000, 0x00000000cbd00000, 0x00000000eab00000)
  object space 193536K, 75% used [0x00000000c0000000,0x00000000c8e8b430,0x00000000cbd00000)
 Metaspace       used 98312K, committed 100096K, reserved 1179648K
  class space    used 10405K, committed 11200K, reserved 1048576K
}
Event: 587.643 GC heap after
{Heap after GC invocations=844 (full 30):
 PSYoungGen      total 8192K, used 3556K [0x00000000eab00000, 0x00000000ec000000, 0x0000000100000000)
  eden space 4608K, 0% used [0x00000000eab00000,0x00000000eab00000,0x00000000eaf80000)
  from space 3584K, 99% used [0x00000000eaf80000,0x00000000eb2f9390,0x00000000eb300000)
  to   space 8192K, 0% used [0x00000000eb800000,0x00000000eb800000,0x00000000ec000000)
 ParOldGen       total 193536K, used 149405K [0x00000000c0000000, 0x00000000cbd00000, 0x00000000eab00000)
  object space 193536K, 77% used [0x00000000c0000000,0x00000000c91e7430,0x00000000cbd00000)
 Metaspace       used 98312K, committed 100096K, reserved 1179648K
  class space    used 10405K, committed 11200K, reserved 1048576K
}
Event: 587.817 GC heap before
{Heap before GC invocations=845 (full 30):
 PSYoungGen      total 8192K, used 8164K [0x00000000eab00000, 0x00000000ec000000, 0x0000000100000000)
  eden space 4608K, 100% used [0x00000000eab00000,0x00000000eaf80000,0x00000000eaf80000)
  from space 3584K, 99% used [0x00000000eaf80000,0x00000000eb2f9390,0x00000000eb300000)
  to   space 8192K, 0% used [0x00000000eb800000,0x00000000eb800000,0x00000000ec000000)
 ParOldGen       total 193536K, used 149405K [0x00000000c0000000, 0x00000000cbd00000, 0x00000000eab00000)
  object space 193536K, 77% used [0x00000000c0000000,0x00000000c91e7430,0x00000000cbd00000)
 Metaspace       used 98312K, committed 100096K, reserved 1179648K
  class space    used 10405K, committed 11200K, reserved 1048576K
}
Event: 587.822 GC heap after
{Heap after GC invocations=845 (full 30):
 PSYoungGen      total 9728K, used 4600K [0x00000000eab00000, 0x00000000ebc80000, 0x0000000100000000)
  eden space 5120K, 0% used [0x00000000eab00000,0x00000000eab00000,0x00000000eb000000)
  from space 4608K, 99% used [0x00000000eb800000,0x00000000ebc7e000,0x00000000ebc80000)
  to   space 5632K, 0% used [0x00000000eb180000,0x00000000eb180000,0x00000000eb700000)
 ParOldGen       total 193536K, used 151121K [0x00000000c0000000, 0x00000000cbd00000, 0x00000000eab00000)
  object space 193536K, 78% used [0x00000000c0000000,0x00000000c93947c0,0x00000000cbd00000)
 Metaspace       used 98312K, committed 100096K, reserved 1179648K
  class space    used 10405K, committed 11200K, reserved 1048576K
}
Event: 588.254 GC heap before
{Heap before GC invocations=846 (full 30):
 PSYoungGen      total 9728K, used 9720K [0x00000000eab00000, 0x00000000ebc80000, 0x0000000100000000)
  eden space 5120K, 100% used [0x00000000eab00000,0x00000000eb000000,0x00000000eb000000)
  from space 4608K, 99% used [0x00000000eb800000,0x00000000ebc7e000,0x00000000ebc80000)
  to   space 5632K, 0% used [0x00000000eb180000,0x00000000eb180000,0x00000000eb700000)
 ParOldGen       total 193536K, used 151121K [0x00000000c0000000, 0x00000000cbd00000, 0x00000000eab00000)
  object space 193536K, 78% used [0x00000000c0000000,0x00000000c93947c0,0x00000000cbd00000)
 Metaspace       used 98312K, committed 100096K, reserved 1179648K
  class space    used 10405K, committed 11200K, reserved 1048576K
}
Event: 588.259 GC heap after
{Heap after GC invocations=846 (full 30):
 PSYoungGen      total 11264K, used 5632K [0x00000000eab00000, 0x00000000ebe80000, 0x0000000100000000)
  eden space 5632K, 0% used [0x00000000eab00000,0x00000000eab00000,0x00000000eb080000)
  from space 5632K, 100% used [0x00000000eb180000,0x00000000eb700000,0x00000000eb700000)
  to   space 7168K, 0% used [0x00000000eb780000,0x00000000eb780000,0x00000000ebe80000)
 ParOldGen       total 193536K, used 151969K [0x00000000c0000000, 0x00000000cbd00000, 0x00000000eab00000)
  object space 193536K, 78% used [0x00000000c0000000,0x00000000c94687c0,0x00000000cbd00000)
 Metaspace       used 98312K, committed 100096K, reserved 1179648K
  class space    used 10405K, committed 11200K, reserved 1048576K
}
Event: 588.570 GC heap before
{Heap before GC invocations=847 (full 30):
 PSYoungGen      total 11264K, used 11264K [0x00000000eab00000, 0x00000000ebe80000, 0x0000000100000000)
  eden space 5632K, 100% used [0x00000000eab00000,0x00000000eb080000,0x00000000eb080000)
  from space 5632K, 100% used [0x00000000eb180000,0x00000000eb700000,0x00000000eb700000)
  to   space 7168K, 0% used [0x00000000eb780000,0x00000000eb780000,0x00000000ebe80000)
 ParOldGen       total 193536K, used 151969K [0x00000000c0000000, 0x00000000cbd00000, 0x00000000eab00000)
  object space 193536K, 78% used [0x00000000c0000000,0x00000000c94687c0,0x00000000cbd00000)
 Metaspace       used 98313K, committed 100096K, reserved 1179648K
  class space    used 10405K, committed 11200K, reserved 1048576K
}
Event: 588.576 GC heap after
{Heap after GC invocations=847 (full 30):
 PSYoungGen      total 8704K, used 2074K [0x00000000eab00000, 0x00000000eba00000, 0x0000000100000000)
  eden space 6144K, 0% used [0x00000000eab00000,0x00000000eab00000,0x00000000eb100000)
  from space 2560K, 81% used [0x00000000eb780000,0x00000000eb986900,0x00000000eba00000)
  to   space 4096K, 0% used [0x00000000eb200000,0x00000000eb200000,0x00000000eb600000)
 ParOldGen       total 193536K, used 155697K [0x00000000c0000000, 0x00000000cbd00000, 0x00000000eab00000)
  object space 193536K, 80% used [0x00000000c0000000,0x00000000c980c7c0,0x00000000cbd00000)
 Metaspace       used 98313K, committed 100096K, reserved 1179648K
  class space    used 10405K, committed 11200K, reserved 1048576K
}
Event: 588.840 GC heap before
{Heap before GC invocations=848 (full 30):
 PSYoungGen      total 8704K, used 8218K [0x00000000eab00000, 0x00000000eba00000, 0x0000000100000000)
  eden space 6144K, 100% used [0x00000000eab00000,0x00000000eb100000,0x00000000eb100000)
  from space 2560K, 81% used [0x00000000eb780000,0x00000000eb986900,0x00000000eba00000)
  to   space 4096K, 0% used [0x00000000eb200000,0x00000000eb200000,0x00000000eb600000)
 ParOldGen       total 193536K, used 155697K [0x00000000c0000000, 0x00000000cbd00000, 0x00000000eab00000)
  object space 193536K, 80% used [0x00000000c0000000,0x00000000c980c7c0,0x00000000cbd00000)
 Metaspace       used 98470K, committed 100224K, reserved 1179648K
  class space    used 10443K, committed 11200K, reserved 1048576K
}
Event: 588.843 GC heap after
{Heap after GC invocations=848 (full 30):
 PSYoungGen      total 8704K, used 2420K [0x00000000eab00000, 0x00000000eb800000, 0x0000000100000000)
  eden space 6144K, 0% used [0x00000000eab00000,0x00000000eab00000,0x00000000eb100000)
  from space 2560K, 94% used [0x00000000eb200000,0x00000000eb45d220,0x00000000eb480000)
  to   space 3072K, 0% used [0x00000000eb500000,0x00000000eb500000,0x00000000eb800000)
 ParOldGen       total 193536K, used 155697K [0x00000000c0000000, 0x00000000cbd00000, 0x00000000eab00000)
  object space 193536K, 80% used [0x00000000c0000000,0x00000000c980c7c0,0x00000000cbd00000)
 Metaspace       used 98470K, committed 100224K, reserved 1179648K
  class space    used 10443K, committed 11200K, reserved 1048576K
}

Dll operation events (11 events):
Event: 0.031 Loaded shared library c:\Users\Gabriel\.vscode\extensions\redhat.java-1.28.1-win32-x64\jre\17.0.10-win32-x86_64\bin\java.dll
Event: 0.455 Loaded shared library c:\Users\Gabriel\.vscode\extensions\redhat.java-1.28.1-win32-x64\jre\17.0.10-win32-x86_64\bin\zip.dll
Event: 0.464 Loaded shared library C:\Users\Gabriel\.vscode\extensions\redhat.java-1.28.1-win32-x64\jre\17.0.10-win32-x86_64\bin\instrument.dll
Event: 0.501 Loaded shared library C:\Users\Gabriel\.vscode\extensions\redhat.java-1.28.1-win32-x64\jre\17.0.10-win32-x86_64\bin\net.dll
Event: 0.512 Loaded shared library C:\Users\Gabriel\.vscode\extensions\redhat.java-1.28.1-win32-x64\jre\17.0.10-win32-x86_64\bin\nio.dll
Event: 0.530 Loaded shared library C:\Users\Gabriel\.vscode\extensions\redhat.java-1.28.1-win32-x64\jre\17.0.10-win32-x86_64\bin\zip.dll
Event: 0.570 Loaded shared library C:\Users\Gabriel\.vscode\extensions\redhat.java-1.28.1-win32-x64\jre\17.0.10-win32-x86_64\bin\jimage.dll
Event: 0.667 Loaded shared library c:\Users\Gabriel\.vscode\extensions\redhat.java-1.28.1-win32-x64\jre\17.0.10-win32-x86_64\bin\verify.dll
Event: 3.039 Loaded shared library C:\Users\Gabriel\AppData\Roaming\Code\User\globalStorage\redhat.java\1.28.1\config_win\org.eclipse.equinox.launcher\org.eclipse.equinox.launcher.win32.win32.x86_64_1.2.900.v20240129-1338\eclipse_11900.dll
Event: 9.896 Loaded shared library C:\Users\Gabriel\AppData\Local\Temp\jna-1459284934\jna8690592579083902734.dll
Event: 198.356 Loaded shared library C:\Users\Gabriel\.vscode\extensions\redhat.java-1.28.1-win32-x64\jre\17.0.10-win32-x86_64\bin\extnet.dll

Deoptimization events (20 events):
Event: 588.855 Thread 0x0000013fdae6f7e0 Uncommon trap: trap_request=0xffffffde fr.pc=0x0000013fc7b2f3d8 relative=0x0000000000000658
Event: 588.855 Thread 0x0000013fdae6f7e0 Uncommon trap: reason=class_check action=maybe_recompile pc=0x0000013fc7b2f3d8 method=org.eclipse.jdt.internal.compiler.parser.diagnose.LexStream.readTokenFromScanner()V @ 15 c2
Event: 588.855 Thread 0x0000013fdae6f7e0 DEOPT PACKING pc=0x0000013fc7b2f3d8 sp=0x0000003c826fde90
Event: 588.855 Thread 0x0000013fdae6f7e0 DEOPT UNPACKING pc=0x0000013fc7099ea3 sp=0x0000003c826fde40 mode 2
Event: 588.855 Thread 0x0000013fdae6f7e0 Uncommon trap: trap_request=0xffffffde fr.pc=0x0000013fc7b2f3d8 relative=0x0000000000000658
Event: 588.855 Thread 0x0000013fdae6f7e0 Uncommon trap: reason=class_check action=maybe_recompile pc=0x0000013fc7b2f3d8 method=org.eclipse.jdt.internal.compiler.parser.diagnose.LexStream.readTokenFromScanner()V @ 15 c2
Event: 588.855 Thread 0x0000013fdae6f7e0 DEOPT PACKING pc=0x0000013fc7b2f3d8 sp=0x0000003c826fde90
Event: 588.855 Thread 0x0000013fdae6f7e0 DEOPT UNPACKING pc=0x0000013fc7099ea3 sp=0x0000003c826fde40 mode 2
Event: 588.855 Thread 0x0000013fdae6f7e0 Uncommon trap: trap_request=0xffffffde fr.pc=0x0000013fc7b2f3d8 relative=0x0000000000000658
Event: 588.855 Thread 0x0000013fdae6f7e0 Uncommon trap: reason=class_check action=maybe_recompile pc=0x0000013fc7b2f3d8 method=org.eclipse.jdt.internal.compiler.parser.diagnose.LexStream.readTokenFromScanner()V @ 15 c2
Event: 588.855 Thread 0x0000013fdae6f7e0 DEOPT PACKING pc=0x0000013fc7b2f3d8 sp=0x0000003c826fde90
Event: 588.855 Thread 0x0000013fdae6f7e0 DEOPT UNPACKING pc=0x0000013fc7099ea3 sp=0x0000003c826fde40 mode 2
Event: 588.883 Thread 0x0000013fdae6f7e0 Uncommon trap: trap_request=0xffffff45 fr.pc=0x0000013fc7f366f0 relative=0x0000000000000cd0
Event: 588.884 Thread 0x0000013fdae6f7e0 Uncommon trap: reason=unstable_if action=reinterpret pc=0x0000013fc7f366f0 method=sun.nio.fs.WindowsPath.getPathForWin32Calls()Ljava/lang/String; @ 4 c2
Event: 588.884 Thread 0x0000013fdae6f7e0 DEOPT PACKING pc=0x0000013fc7f366f0 sp=0x0000003c826fe370
Event: 588.884 Thread 0x0000013fdae6f7e0 DEOPT UNPACKING pc=0x0000013fc7099ea3 sp=0x0000003c826fe2c0 mode 2
Event: 588.915 Thread 0x0000013fda66a260 Uncommon trap: trap_request=0xffffff45 fr.pc=0x0000013fc7fd35a0 relative=0x0000000000004280
Event: 588.915 Thread 0x0000013fda66a260 Uncommon trap: reason=unstable_if action=reinterpret pc=0x0000013fc7fd35a0 method=org.eclipse.sisu.plexus.RealmFilteredBeans$FilteredItr.hasNext()Z @ 44 c2
Event: 588.915 Thread 0x0000013fda66a260 DEOPT PACKING pc=0x0000013fc7fd35a0 sp=0x0000003c832fec80
Event: 588.917 Thread 0x0000013fda66a260 DEOPT UNPACKING pc=0x0000013fc7099ea3 sp=0x0000003c832feb18 mode 2

Classes unloaded (9 events):
Event: 5.388 Thread 0x0000013fbcf2e890 Unloading class 0x0000000100248400 'java/lang/invoke/LambdaForm$MH+0x0000000100248400'
Event: 5.388 Thread 0x0000013fbcf2e890 Unloading class 0x0000000100248000 'java/lang/invoke/LambdaForm$MH+0x0000000100248000'
Event: 5.388 Thread 0x0000013fbcf2e890 Unloading class 0x0000000100247c00 'java/lang/invoke/LambdaForm$MH+0x0000000100247c00'
Event: 5.388 Thread 0x0000013fbcf2e890 Unloading class 0x0000000100247800 'java/lang/invoke/LambdaForm$MH+0x0000000100247800'
Event: 5.388 Thread 0x0000013fbcf2e890 Unloading class 0x0000000100247400 'java/lang/invoke/LambdaForm$BMH+0x0000000100247400'
Event: 5.388 Thread 0x0000013fbcf2e890 Unloading class 0x0000000100247000 'java/lang/invoke/LambdaForm$DMH+0x0000000100247000'
Event: 5.388 Thread 0x0000013fbcf2e890 Unloading class 0x0000000100244400 'java/lang/invoke/LambdaForm$DMH+0x0000000100244400'
Event: 19.337 Thread 0x0000013fbcf2e890 Unloading class 0x0000000100720400 'java/lang/invoke/LambdaForm$DMH+0x0000000100720400'
Event: 28.198 Thread 0x0000013fbcf2e890 Unloading class 0x000000010080c000 'org/mapstruct/ap/MappingProcessor'

Classes redefined (0 events):
No events

Internal exceptions (20 events):
Event: 580.228 Thread 0x0000013fda666fc0 Exception <a 'java/lang/ClassCastException'{0x00000000eaf35e58}> (0x00000000eaf35e58) 
thrown [s\src\hotspot\share\runtime\sharedRuntime.cpp, line 631]
Event: 580.228 Thread 0x0000013fda666fc0 Exception <a 'java/lang/ClassCastException'{0x00000000eaf36518}> (0x00000000eaf36518) 
thrown [s\src\hotspot\share\runtime\sharedRuntime.cpp, line 631]
Event: 580.228 Thread 0x0000013fda666fc0 Exception <a 'java/lang/ClassCastException'{0x00000000eaf36990}> (0x00000000eaf36990) 
thrown [s\src\hotspot\share\runtime\sharedRuntime.cpp, line 631]
Event: 580.228 Thread 0x0000013fda666fc0 Exception <a 'java/lang/ClassCastException'{0x00000000eaf36e08}> (0x00000000eaf36e08) 
thrown [s\src\hotspot\share\runtime\sharedRuntime.cpp, line 631]
Event: 580.228 Thread 0x0000013fda666fc0 Exception <a 'java/lang/ClassCastException'{0x00000000eaf37280}> (0x00000000eaf37280) 
thrown [s\src\hotspot\share\runtime\sharedRuntime.cpp, line 631]
Event: 580.228 Thread 0x0000013fda666fc0 Exception <a 'java/lang/ClassCastException'{0x00000000eaf376f8}> (0x00000000eaf376f8) 
thrown [s\src\hotspot\share\runtime\sharedRuntime.cpp, line 631]
Event: 580.228 Thread 0x0000013fda666fc0 Exception <a 'java/lang/ClassCastException'{0x00000000eaf37b70}> (0x00000000eaf37b70) 
thrown [s\src\hotspot\share\runtime\sharedRuntime.cpp, line 631]
Event: 580.228 Thread 0x0000013fda666fc0 Exception <a 'java/lang/ClassCastException'{0x00000000eaf37fe8}> (0x00000000eaf37fe8) 
thrown [s\src\hotspot\share\runtime\sharedRuntime.cpp, line 631]
Event: 580.228 Thread 0x0000013fda666fc0 Exception <a 'java/lang/ClassCastException'{0x00000000eaf38460}> (0x00000000eaf38460) 
thrown [s\src\hotspot\share\runtime\sharedRuntime.cpp, line 631]
Event: 580.228 Thread 0x0000013fda666fc0 Exception <a 'java/lang/ClassCastException'{0x00000000eaf38b70}> (0x00000000eaf38b70) 
thrown [s\src\hotspot\share\runtime\sharedRuntime.cpp, line 631]
Event: 580.228 Thread 0x0000013fda666fc0 Exception <a 'java/lang/ClassCastException'{0x00000000eaf38fe8}> (0x00000000eaf38fe8) 
thrown [s\src\hotspot\share\runtime\sharedRuntime.cpp, line 631]
Event: 580.228 Thread 0x0000013fda666fc0 Exception <a 'java/lang/ClassCastException'{0x00000000eaf39460}> (0x00000000eaf39460) 
thrown [s\src\hotspot\share\runtime\sharedRuntime.cpp, line 631]
Event: 580.228 Thread 0x0000013fda666fc0 Exception <a 'java/lang/ClassCastException'{0x00000000eaf3dd38}> (0x00000000eaf3dd38) 
thrown [s\src\hotspot\share\runtime\sharedRuntime.cpp, line 631]
Event: 580.228 Thread 0x0000013fda666fc0 Exception <a 'java/lang/ClassCastException'{0x00000000eaf3e1b0}> (0x00000000eaf3e1b0) 
thrown [s\src\hotspot\share\runtime\sharedRuntime.cpp, line 631]
Event: 582.067 Thread 0x0000013fd7f2aa70 Exception <a 'sun/nio/fs/WindowsException'{0x00000000ead09da0}> (0x00000000ead09da0) 
thrown [s\src\hotspot\share\prims\jni.cpp, line 516]
Event: 583.011 Thread 0x0000013fd7f2aa70 Exception <a 'sun/nio/fs/WindowsException'{0x00000000eab27e70}> (0x00000000eab27e70) 
thrown [s\src\hotspot\share\prims\jni.cpp, line 516]
Event: 584.804 Thread 0x0000013fd7f2aa70 Exception <a 'sun/nio/fs/WindowsException'{0x00000000eac15278}> (0x00000000eac15278) 
thrown [s\src\hotspot\share\prims\jni.cpp, line 516]
Event: 585.592 Thread 0x0000013fd7f2aa70 Exception <a 'sun/nio/fs/WindowsException'{0x00000000eab3e490}> (0x00000000eab3e490) 
thrown [s\src\hotspot\share\prims\jni.cpp, line 516]
Event: 586.912 Thread 0x0000013fd7f2aa70 Exception <a 'sun/nio/fs/WindowsException'{0x00000000eb0abc10}> (0x00000000eb0abc10) 
thrown [s\src\hotspot\share\prims\jni.cpp, line 516]
Event: 588.242 Thread 0x0000013fd7f2aa70 Exception <a 'sun/nio/fs/WindowsException'{0x00000000eafa16a0}> (0x00000000eafa16a0) 
thrown [s\src\hotspot\share\prims\jni.cpp, line 516]

VM Operations (20 events):
Event: 587.816 Executing VM operation: ParallelGCFailedAllocation
Event: 587.826 Executing VM operation: ParallelGCFailedAllocation done
Event: 588.254 Executing VM operation: ParallelGCFailedAllocation
Event: 588.259 Executing VM operation: ParallelGCFailedAllocation done
Event: 588.570 Executing VM operation: ParallelGCFailedAllocation
Event: 588.576 Executing VM operation: ParallelGCFailedAllocation done
Event: 588.801 Executing VM operation: HandshakeAllThreads
Event: 588.801 Executing VM operation: HandshakeAllThreads done
Event: 588.801 Executing VM operation: HandshakeAllThreads
Event: 588.802 Executing VM operation: HandshakeAllThreads done
Event: 588.812 Executing VM operation: HandshakeAllThreads
Event: 588.812 Executing VM operation: HandshakeAllThreads done
Event: 588.817 Executing VM operation: HandshakeAllThreads
Event: 588.817 Executing VM operation: HandshakeAllThreads done
Event: 588.822 Executing VM operation: HandshakeAllThreads
Event: 588.822 Executing VM operation: HandshakeAllThreads done
Event: 588.833 Executing VM operation: HandshakeAllThreads
Event: 588.833 Executing VM operation: HandshakeAllThreads done
Event: 588.839 Executing VM operation: ParallelGCFailedAllocation
Event: 588.843 Executing VM operation: ParallelGCFailedAllocation done

Events (20 events):
Event: 588.849 Thread 0x0000013fd60eba10 flushing nmethod 0x0000013fc166fe90
Event: 588.849 Thread 0x0000013fd60eba10 flushing nmethod 0x0000013fc16b6690
Event: 588.850 Thread 0x0000013fd60eba10 flushing nmethod 0x0000013fc1812a90
Event: 588.851 Thread 0x0000013fd60eba10 flushing nmethod 0x0000013fc195bc10
Event: 588.851 Thread 0x0000013fd60eba10 flushing nmethod 0x0000013fc199a690
Event: 588.851 Thread 0x0000013fd60eba10 flushing nmethod 0x0000013fc1a22610
Event: 588.852 Thread 0x0000013fd60eba10 flushing nmethod 0x0000013fc1a49310
Event: 588.852 Thread 0x0000013fd60eba10 flushing nmethod 0x0000013fc1a96a10
Event: 588.852 Thread 0x0000013fd60eba10 flushing nmethod 0x0000013fc1a98790
Event: 588.852 Thread 0x0000013fd60eba10 flushing nmethod 0x0000013fc1b19410
Event: 588.852 Thread 0x0000013fd60eba10 flushing nmethod 0x0000013fc1b34710
Event: 588.853 Thread 0x0000013fd60eba10 flushing nmethod 0x0000013fc1c05390
Event: 588.853 Thread 0x0000013fd60eba10 flushing nmethod 0x0000013fc1c25790
Event: 588.853 Thread 0x0000013fd60eba10 flushing nmethod 0x0000013fc1c53890
Event: 588.853 Thread 0x0000013fd60eba10 flushing nmethod 0x0000013fc1cc7690
Event: 588.854 Thread 0x0000013fd60eba10 flushing nmethod 0x0000013fc1cf9b10
Event: 588.854 Thread 0x0000013fd60eba10 flushing nmethod 0x0000013fc1d77c90
Event: 588.854 Thread 0x0000013fd60eba10 flushing nmethod 0x0000013fc1dfa790
Event: 588.854 Thread 0x0000013fd60eba10 flushing nmethod 0x0000013fc1e09390
Event: 588.855 Thread 0x0000013fd60eba10 flushing nmethod 0x0000013fc1ed7e10


Dynamic libraries:
0x00007ff7a41b0000 - 0x00007ff7a41be000 	c:\Users\Gabriel\.vscode\extensions\redhat.java-1.28.1-win32-x64\jre\17.0.10-win32-x86_64\bin\java.exe
0x00007ff8bc1d0000 - 0x00007ff8bc3e7000 	C:\Windows\SYSTEM32\ntdll.dll
0x00007ff8bb170000 - 0x00007ff8bb234000 	C:\Windows\System32\KERNEL32.DLL
0x00007ff8b9670000 - 0x00007ff8b9a16000 	C:\Windows\System32\KERNELBASE.dll
0x00007ff8b9a20000 - 0x00007ff8b9b31000 	C:\Windows\System32\ucrtbase.dll
0x00007ff8a0900000 - 0x00007ff8a0917000 	c:\Users\Gabriel\.vscode\extensions\redhat.java-1.28.1-win32-x64\jre\17.0.10-win32-x86_64\bin\jli.dll
0x00007ff8ba710000 - 0x00007ff8ba8be000 	C:\Windows\System32\USER32.dll
0x00007ff8b9510000 - 0x00007ff8b9536000 	C:\Windows\System32\win32u.dll
0x00007ff8bbae0000 - 0x00007ff8bbb09000 	C:\Windows\System32\GDI32.dll
0x00007ff8b9d50000 - 0x00007ff8b9e68000 	C:\Windows\System32\gdi32full.dll
0x00007ff8b9b40000 - 0x00007ff8b9bda000 	C:\Windows\System32\msvcp_win.dll
0x00007ff89f8c0000 - 0x00007ff89f8db000 	c:\Users\Gabriel\.vscode\extensions\redhat.java-1.28.1-win32-x64\jre\17.0.10-win32-x86_64\bin\VCRUNTIME140.dll
0x00007ff8b8840000 - 0x00007ff8b8ad3000 	C:\Windows\WinSxS\amd64_microsoft.windows.common-controls_6595b64144ccf1df_6.0.22621.2506_none_270c5ae97388e100\COMCTL32.dll
0x00007ff8bb0c0000 - 0x00007ff8bb167000 	C:\Windows\System32\msvcrt.dll
0x00007ff8bbaa0000 - 0x00007ff8bbad1000 	C:\Windows\System32\IMM32.DLL
0x00007ff8ac2b0000 - 0x00007ff8ac2bc000 	c:\Users\Gabriel\.vscode\extensions\redhat.java-1.28.1-win32-x64\jre\17.0.10-win32-x86_64\bin\vcruntime140_1.dll
0x00007ff86df60000 - 0x00007ff86dfed000 	c:\Users\Gabriel\.vscode\extensions\redhat.java-1.28.1-win32-x64\jre\17.0.10-win32-x86_64\bin\msvcp140.dll
0x00007ff836fb0000 - 0x00007ff837c12000 	c:\Users\Gabriel\.vscode\extensions\redhat.java-1.28.1-win32-x64\jre\17.0.10-win32-x86_64\bin\server\jvm.dll
0x00007ff8bbd80000 - 0x00007ff8bbe33000 	C:\Windows\System32\ADVAPI32.dll
0x00007ff8bafa0000 - 0x00007ff8bb048000 	C:\Windows\System32\sechost.dll
0x00007ff8b9ef0000 - 0x00007ff8b9f18000 	C:\Windows\System32\bcrypt.dll
0x00007ff8ba920000 - 0x00007ff8baa37000 	C:\Windows\System32\RPCRT4.dll
0x00007ff8b9330000 - 0x00007ff8b937d000 	C:\Windows\SYSTEM32\POWRPROF.dll
0x00007ff8b3d70000 - 0x00007ff8b3d79000 	C:\Windows\SYSTEM32\WSOCK32.dll
0x00007ff8ba2b0000 - 0x00007ff8ba321000 	C:\Windows\System32\WS2_32.dll
0x00007ff8b5ae0000 - 0x00007ff8b5b14000 	C:\Windows\SYSTEM32\WINMM.dll
0x00007ff8af740000 - 0x00007ff8af74a000 	C:\Windows\SYSTEM32\VERSION.dll
0x00007ff8b9210000 - 0x00007ff8b9223000 	C:\Windows\SYSTEM32\UMPDC.dll
0x00007ff8b7c50000 - 0x00007ff8b7c68000 	C:\Windows\SYSTEM32\kernel.appcore.dll
0x00007ff8ac120000 - 0x00007ff8ac12a000 	c:\Users\Gabriel\.vscode\extensions\redhat.java-1.28.1-win32-x64\jre\17.0.10-win32-x86_64\bin\jimage.dll
0x00007ff8b8d90000 - 0x00007ff8b8fc3000 	C:\Windows\SYSTEM32\DBGHELP.DLL
0x00007ff8b9f20000 - 0x00007ff8ba2a9000 	C:\Windows\System32\combase.dll
0x00007ff8baec0000 - 0x00007ff8baf97000 	C:\Windows\System32\OLEAUT32.dll
0x00007ff8b8c80000 - 0x00007ff8b8cb2000 	C:\Windows\SYSTEM32\dbgcore.DLL
0x00007ff8b9e70000 - 0x00007ff8b9eea000 	C:\Windows\System32\bcryptPrimitives.dll
0x00007ff8ac090000 - 0x00007ff8ac09e000 	c:\Users\Gabriel\.vscode\extensions\redhat.java-1.28.1-win32-x64\jre\17.0.10-win32-x86_64\bin\instrument.dll
0x00007ff883d90000 - 0x00007ff883db5000 	c:\Users\Gabriel\.vscode\extensions\redhat.java-1.28.1-win32-x64\jre\17.0.10-win32-x86_64\bin\java.dll
0x00007ff89f880000 - 0x00007ff89f898000 	c:\Users\Gabriel\.vscode\extensions\redhat.java-1.28.1-win32-x64\jre\17.0.10-win32-x86_64\bin\zip.dll
0x00007ff8bb240000 - 0x00007ff8bba9b000 	C:\Windows\System32\SHELL32.dll
0x00007ff8b6a40000 - 0x00007ff8b7336000 	C:\Windows\SYSTEM32\windows.storage.dll
0x00007ff8b6900000 - 0x00007ff8b6a3e000 	C:\Windows\SYSTEM32\wintypes.dll
0x00007ff8ba5b0000 - 0x00007ff8ba6a3000 	C:\Windows\System32\SHCORE.dll
0x00007ff8bb060000 - 0x00007ff8bb0be000 	C:\Windows\System32\shlwapi.dll
0x00007ff8b9440000 - 0x00007ff8b9466000 	C:\Windows\SYSTEM32\profapi.dll
0x00007ff89a6e0000 - 0x00007ff89a6f9000 	C:\Users\Gabriel\.vscode\extensions\redhat.java-1.28.1-win32-x64\jre\17.0.10-win32-x86_64\bin\net.dll
0x00007ff8b2c40000 - 0x00007ff8b2d77000 	C:\Windows\SYSTEM32\WINHTTP.dll
0x00007ff8b8080000 - 0x00007ff8b80e9000 	C:\Windows\system32\mswsock.dll
0x00007ff87ff60000 - 0x00007ff87ff76000 	C:\Users\Gabriel\.vscode\extensions\redhat.java-1.28.1-win32-x64\jre\17.0.10-win32-x86_64\bin\nio.dll
0x00007ff8ac5a0000 - 0x00007ff8ac5b0000 	c:\Users\Gabriel\.vscode\extensions\redhat.java-1.28.1-win32-x64\jre\17.0.10-win32-x86_64\bin\verify.dll
0x00007ff870750000 - 0x00007ff87078e000 	C:\Users\Gabriel\AppData\Roaming\Code\User\globalStorage\redhat.java\1.28.1\config_win\org.eclipse.equinox.launcher\org.eclipse.equinox.launcher.win32.win32.x86_64_1.2.900.v20240129-1338\eclipse_11900.dll
0x00007ff8ba340000 - 0x00007ff8ba4e0000 	C:\Windows\System32\ole32.dll
0x00007ff8b90c0000 - 0x00007ff8b90db000 	C:\Windows\SYSTEM32\CRYPTSP.dll
0x00007ff8b8460000 - 0x00007ff8b8495000 	C:\Windows\system32\rsaenh.dll
0x00007ff8b80f0000 - 0x00007ff8b811c000 	C:\Windows\SYSTEM32\USERENV.dll
0x00007ff8b8450000 - 0x00007ff8b845c000 	C:\Windows\SYSTEM32\CRYPTBASE.dll
0x00007ff8b7740000 - 0x00007ff8b776d000 	C:\Windows\SYSTEM32\IPHLPAPI.DLL
0x00007ff8bb050000 - 0x00007ff8bb059000 	C:\Windows\System32\NSI.dll
0x00007ff8b2a30000 - 0x00007ff8b2a49000 	C:\Windows\SYSTEM32\dhcpcsvc6.DLL
0x00007ff8b2a10000 - 0x00007ff8b2a2f000 	C:\Windows\SYSTEM32\dhcpcsvc.DLL
0x00007ff8b77c0000 - 0x00007ff8b78b9000 	C:\Windows\SYSTEM32\DNSAPI.dll
0x00007ff86ec70000 - 0x00007ff86ecb5000 	C:\Users\Gabriel\AppData\Local\Temp\jna-1459284934\jna8690592579083902734.dll
0x00007ff8ba330000 - 0x00007ff8ba338000 	C:\Windows\System32\PSAPI.DLL
0x00007ff8b8d50000 - 0x00007ff8b8d84000 	C:\Windows\SYSTEM32\ntmarta.dll
0x00007ff8b3520000 - 0x00007ff8b3529000 	C:\Users\Gabriel\.vscode\extensions\redhat.java-1.28.1-win32-x64\jre\17.0.10-win32-x86_64\bin\extnet.dll

dbghelp: loaded successfully - version: 4.0.5 - missing functions: none
symbol engine: initialized successfully - sym options: 0x614 - pdb path: .;c:\Users\Gabriel\.vscode\extensions\redhat.java-1.28.1-win32-x64\jre\17.0.10-win32-x86_64\bin;C:\Windows\SYSTEM32;C:\Windows\WinSxS\amd64_microsoft.windows.common-controls_6595b64144ccf1df_6.0.22621.2506_none_270c5ae97388e100;c:\Users\Gabriel\.vscode\extensions\redhat.java-1.28.1-win32-x64\jre\17.0.10-win32-x86_64\bin\server;C:\Users\Gabriel\AppData\Roaming\Code\User\globalStorage\redhat.java\1.28.1\config_win\org.eclipse.equinox.launcher\org.eclipse.equinox.launcher.win32.win32.x86_64_1.2.900.v20240129-1338;C:\Users\Gabriel\AppData\Local\Temp\jna-1459284934

VM Arguments:
jvm_args: --add-modules=ALL-SYSTEM --add-opens=java.base/java.util=ALL-UNNAMED --add-opens=java.base/java.lang=ALL-UNNAMED --add-opens=java.base/sun.nio.fs=ALL-UNNAMED -Declipse.application=org.eclipse.jdt.ls.core.id1 -Dosgi.bundles.defaultStartLevel=4 -Declipse.product=org.eclipse.jdt.ls.core.product -Djava.import.generatesMetadataFilesAtProjectRoot=false -DDetectVMInstallationsJob.disabled=true -Dfile.encoding=utf8 -XX:+UseParallelGC -XX:GCTimeRatio=4 -XX:AdaptiveSizePolicyWeight=90 -Dsun.zip.disableMemoryMapping=true -Xmx1G -Xms100m -Xlog:disable -javaagent:c:\Users\Gabriel\.vscode\extensions\redhat.java-1.28.1-win32-x64\lombok\lombok-1.18.31.jar -XX:+HeapDumpOnOutOfMemoryError -XX:HeapDumpPath=c:\Users\Gabriel\AppData\Roaming\Code\User\workspaceStorage\469939ff892e49bd129f785780710122\redhat.java -Daether.dependencyCollector.impl=bf 
java_command: c:\Users\Gabriel\.vscode\extensions\redhat.java-1.28.1-win32-x64\server\plugins\org.eclipse.equinox.launcher_1.6.700.v20231214-2017.jar -configuration c:\Users\Gabriel\AppData\Roaming\Code\User\globalStorage\redhat.java\1.28.1\config_win -data c:\Users\Gabriel\AppData\Roaming\Code\User\workspaceStorage\469939ff892e49bd129f785780710122\redhat.java\jdt_ws --stdio
java_class_path (initial): c:\Users\Gabriel\.vscode\extensions\redhat.java-1.28.1-win32-x64\server\plugins\org.eclipse.equinox.launcher_1.6.700.v20231214-2017.jar
Launcher Type: SUN_STANDARD

[Global flags]
    uintx AdaptiveSizePolicyWeight                 = 90                                        {product} {command line}
     intx CICompilerCount                          = 4                                         {product} {ergonomic}
    uintx GCTimeRatio                              = 4                                         {product} {command line}
     bool HeapDumpOnOutOfMemoryError               = true                                   {manageable} {command line}
    ccstr HeapDumpPath                             = c:\Users\Gabriel\AppData\Roaming\Code\User\workspaceStorage\469939ff892e49bd129f785780710122\redhat.java         {manageable} {command line}
   size_t InitialHeapSize                          = 104857600                                 {product} {command line}
   size_t MaxHeapSize                              = 1073741824                                {product} {command line}
   size_t MaxNewSize                               = 357564416                                 {product} {ergonomic}
   size_t MinHeapDeltaBytes                        = 524288                                    {product} {ergonomic}
   size_t MinHeapSize                              = 104857600                                 {product} {command line}
   size_t NewSize                                  = 34603008                                  {product} {ergonomic}
    uintx NonNMethodCodeHeapSize                   = 5839372                                {pd product} {ergonomic}
    uintx NonProfiledCodeHeapSize                  = 122909434                              {pd product} {ergonomic}
   size_t OldSize                                  = 70254592                                  {product} {ergonomic}
    uintx ProfiledCodeHeapSize                     = 122909434                              {pd product} {ergonomic}
    uintx ReservedCodeCacheSize                    = 251658240                              {pd product} {ergonomic}
     bool SegmentedCodeCache                       = true                                      {product} {ergonomic}
   size_t SoftMaxHeapSize                          = 1073741824                             {manageable} {ergonomic}
     bool UseCompressedClassPointers               = true                           {product lp64_product} {ergonomic}
     bool UseCompressedOops                        = true                           {product lp64_product} {ergonomic}
     bool UseLargePagesIndividualAllocation        = false                                  {pd product} {ergonomic}
     bool UseParallelGC                            = true                                      {product} {command line}

Logging:
Log output configuration:
 #0: stdout all=off uptime,level,tags
 #1: stderr all=off uptime,level,tags

Environment Variables:
JAVA_HOME=C:\Program Files\Java\jdk-17.0.7
PATH=C:\Program Files (x86)\NVIDIA Corporation\PhysX\Common;C:\Program Files\Java\apache-maven-3.9.2\bin;C:\Program Files\Java\jdk-17.0.7\bin;C:\Program Files (x86)\Common Files\Oracle\Java\javapath;C:\Windows\system32;C:\Windows;C:\Windows\System32\Wbem;C:\Windows\System32\WindowsPowerShell\v1.0\;C:\Windows\System32\OpenSSH\;C:\Program Files\dotnet\;C:\Program Files\Git\cmd;C:\Program Files\Docker\Docker\resources\bin;C:\Users\Bolsista\AppData\Local\Microsoft\WindowsApps;C:\Program Files\JetBrains\IntelliJ IDEA Community Edition 2023.1.2\bin;C:\Users\Bolsista\AppData\Local\Programs\Microsoft VS Code\bin;C:\adb;C:\Program Files (x86)\dotnet\;C:\protoc-25.0-win64\bin;C:\Program Files\nodejs\;C:\ProgramData\chocolatey\bin;C:\Program Files\PowerShell\7\;C:\Users\Gabriel\AppData\Local\Microsoft\WindowsApps;;C:\Users\Gabriel\AppData\Local\Programs\Microsoft VS Code\bin;C:\Users\Gabriel\.dotnet\tools;C:\Users\Gabriel\AppData\Roaming\npm
USERNAME=Gabriel
OS=Windows_NT
PROCESSOR_IDENTIFIER=Intel64 Family 6 Model 140 Stepping 1, GenuineIntel
TMP=C:\Users\Gabriel\AppData\Local\Temp
TEMP=C:\Users\Gabriel\AppData\Local\Temp



Periodic native trim disabled


---------------  S Y S T E M  ---------------

OS:
 Windows 11 , 64 bit Build 22621 (10.0.22621.3085)
OS uptime: 1 days 21:39 hours
Hyper-V role detected

CPU: total 8 (initial active 8) (4 cores per cpu, 2 threads per core) family 6 model 140 stepping 1 microcode 0xb4, cx8, cmov, fxsr, ht, mmx, 3dnowpref, sse, sse2, sse3, ssse3, sse4.1, sse4.2, popcnt, lzcnt, tsc, tscinvbit, avx, avx2, aes, erms, clmul, bmi1, bmi2, adx, avx512f, avx512dq, avx512cd, avx512bw, avx512vl, sha, fma, vzeroupper, avx512_vpopcntdq, avx512_vpclmulqdq, avx512_vaes, avx512_vnni, clflush, clflushopt, clwb, avx512_vbmi2, avx512_vbmi, hv
Processor Information for all 8 processors :
  Max Mhz: 2419, Current Mhz: 2419, Mhz Limit: 2419

Memory: 4k page, system-wide physical 16118M (441M free)
TotalPageFile size 65270M (AvailPageFile size 0M)
current process WorkingSet (physical memory assigned to process): 417M, peak: 467M
current process commit charge ("private bytes"): 503M, peak: 570M

vm_info: OpenJDK 64-Bit Server VM (17.0.10+7) for windows-amd64 JRE (17.0.10+7), built on Jan 16 2024 23:25:11 by "admin" with MS VC++ 16.10 / 16.11 (VS2019)

END.
